19:04:14 INFO  : Registering command handlers for SDK TCF services
19:04:15 INFO  : Launching XSCT server: xsct.bat -interactive C:\Xilinx\Labs\lab4_enhancement\lab4_enhancement.sdk\temp_xsdb_launch_script.tcl
19:04:18 INFO  : XSCT server has started successfully.
19:04:20 INFO  : Successfully done setting XSCT server connection channel  
19:04:20 INFO  : Processing command line option -hwspec C:/Xilinx/Labs/lab4_enhancement/lab4_enhancement.sdk/design_1_wrapper.hdf.
19:04:20 INFO  : Successfully done setting SDK workspace  
19:05:00 INFO  : Connected to target on host '127.0.0.1' and port '3121'.
19:05:00 INFO  : 'targets -set -filter {jtag_cable_name =~ "Digilent Zed 210248553184" && level==0} -index 1' command is executed.
19:05:03 INFO  : FPGA configured successfully with bitstream "C:/Xilinx/Labs/lab4_enhancement/lab4_enhancement.sdk/design_1_wrapper_hw_platform_0/design_1_wrapper.bit"
19:05:41 INFO  : ps7_init is completed.
19:05:41 INFO  : ps7_post_config is completed.
19:05:42 INFO  : Processor reset is completed for ps7_cortexa9_0
19:06:46 INFO  : Processor reset is completed for ps7_cortexa9_0
09:38:00 INFO  : SDK has detected change in the last modified timestamps for source hardware specification file Source:1573177064221,  Project:1573124542602
09:38:00 INFO  : Project design_1_wrapper_hw_platform_0's source hardware specification located at C:/Xilinx/Labs/lab4_enhancement/lab4_enhancement.sdk/design_1_wrapper.hdf is now different from the local copy.
		 The local copy will be replaced with the source specification and your workspace will be updated.
09:38:07 INFO  : Project design_1_wrapper_hw_platform_0's source hardware specification location will not be monitored anymore.
09:38:14 ERROR : Unexpected error while parsing XMD response ?: com.google.gson.JsonSyntaxException: com.google.gson.stream.MalformedJsonException: invalid number or unquoted string near 
09:38:27 INFO  : Registering command handlers for SDK TCF services
09:38:27 INFO  : Launching XSCT server: xsct.bat -interactive C:\Xilinx\Labs\lab4_enhancement\lab4_enhancement.sdk\temp_xsdb_launch_script.tcl
09:38:30 INFO  : XSCT server has started successfully.
09:38:32 INFO  : Successfully done setting XSCT server connection channel  
09:38:32 INFO  : Processing command line option -hwspec C:/Xilinx/Labs/lab4_enhancement/lab4_enhancement.sdk/design_1_wrapper.hdf.
09:38:32 INFO  : Successfully done setting SDK workspace  
09:40:24 INFO  : Connected to target on host '127.0.0.1' and port '3121'.
09:40:25 INFO  : 'targets -set -filter {jtag_cable_name =~ "Digilent Zed 210248553184" && level==0} -index 1' command is executed.
09:40:27 INFO  : FPGA configured successfully with bitstream "C:/Xilinx/Labs/lab4_enhancement/lab4_enhancement.sdk/design_1_wrapper_hw_platform_1/design_1_wrapper.bit"
09:40:43 INFO  : ps7_init is completed.
09:40:43 INFO  : ps7_post_config is completed.
09:40:44 INFO  : Processor reset is completed for ps7_cortexa9_0
09:41:11 INFO  : Processor reset is completed for ps7_cortexa9_0
10:41:45 INFO  : Processor reset is completed for ps7_cortexa9_0
11:48:15 ERROR : Unexpected error while parsing XMD response ?: com.google.gson.JsonSyntaxException: com.google.gson.stream.MalformedJsonException: invalid number or unquoted string near 
14:04:39 INFO  : Registering command handlers for SDK TCF services
14:04:39 INFO  : Launching XSCT server: xsct.bat -interactive C:\Xilinx\Labs\lab4_enhancement\lab4_enhancement.sdk\temp_xsdb_launch_script.tcl
14:04:41 INFO  : XSCT server has started successfully.
14:04:44 INFO  : Successfully done setting XSCT server connection channel  
14:04:44 INFO  : Processing command line option -hwspec C:/Xilinx/Labs/lab4_enhancement/lab4_enhancement.sdk/design_1_wrapper.hdf.
14:04:44 INFO  : Successfully done setting SDK workspace  
14:04:44 INFO  : Checking for hwspec changes in the project design_1_wrapper_hw_platform_1.
14:05:33 INFO  : Connected to target on host '127.0.0.1' and port '3121'.
14:05:33 INFO  : 'targets -set -filter {jtag_cable_name =~ "Digilent Zed 210248553184" && level==0} -index 1' command is executed.
14:05:36 INFO  : FPGA configured successfully with bitstream "C:/Xilinx/Labs/lab4_enhancement/lab4_enhancement.sdk/design_1_wrapper_hw_platform_1/design_1_wrapper.bit"
14:05:48 INFO  : ps7_init is completed.
14:05:48 INFO  : ps7_post_config is completed.
14:05:49 INFO  : Processor reset is completed for ps7_cortexa9_0
14:07:20 ERROR : Unexpected error while parsing XMD response ?: com.google.gson.JsonSyntaxException: com.google.gson.stream.MalformedJsonException: invalid number or unquoted string near 
