16:45:00 INFO  : Registering command handlers for SDK TCF services
16:45:01 INFO  : Launching XSCT server: xsct.bat -interactive C:\Xilinx\Labs\Lab4_final_final\Lab4_final_final.sdk\temp_xsdb_launch_script.tcl
16:45:04 INFO  : XSCT server has started successfully.
16:45:07 INFO  : Successfully done setting XSCT server connection channel  
16:45:07 INFO  : Processing command line option -hwspec C:/Xilinx/Labs/Lab4_final_final/Lab4_final_final.sdk/design_1_wrapper.hdf.
16:45:07 INFO  : Successfully done setting SDK workspace  
16:47:42 INFO  : Connected to target on host '127.0.0.1' and port '3121'.
16:47:44 INFO  : 'targets -set -filter {jtag_cable_name =~ "Digilent Zed 210248553184" && level==0} -index 1' command is executed.
16:47:46 INFO  : FPGA configured successfully with bitstream "C:/Xilinx/Labs/Lab4_final_final/Lab4_final_final.sdk/design_1_wrapper_hw_platform_0/design_1_wrapper.bit"
16:47:49 INFO  : ps7_init is completed.
16:47:49 INFO  : ps7_post_config is completed.
16:47:50 INFO  : Processor reset is completed for ps7_cortexa9_0
16:52:13 INFO  : Processor reset is completed for ps7_cortexa9_0
17:04:46 INFO  : ps7_cortexa9_0 Processor is in use. Please stop existing Run or Debug sessions before launching.
17:04:48 INFO  : Processor reset is completed for ps7_cortexa9_0
17:06:35 INFO  : ps7_cortexa9_0 Processor is in use. Please stop existing Run or Debug sessions before launching.
17:06:37 INFO  : Processor reset is completed for ps7_cortexa9_0
17:10:23 INFO  : ps7_cortexa9_0 Processor is in use. Please stop existing Run or Debug sessions before launching.
17:10:24 INFO  : Processor reset is completed for ps7_cortexa9_0
17:44:11 INFO  : ps7_cortexa9_0 Processor is in use. Please stop existing Run or Debug sessions before launching.
17:44:12 INFO  : Processor reset is completed for ps7_cortexa9_0
17:46:44 INFO  : ps7_cortexa9_0 Processor is in use. Please stop existing Run or Debug sessions before launching.
17:46:47 INFO  : Processor reset is completed for ps7_cortexa9_0
17:49:09 INFO  : Processor reset is completed for ps7_cortexa9_0
17:50:22 INFO  : ps7_cortexa9_0 Processor is in use. Please stop existing Run or Debug sessions before launching.
17:50:25 INFO  : Processor reset is completed for ps7_cortexa9_0
18:09:34 ERROR : Unexpected error while parsing XMD response ?: com.google.gson.JsonSyntaxException: com.google.gson.stream.MalformedJsonException: invalid number or unquoted string near 
14:04:37 INFO  : Registering command handlers for SDK TCF services
14:04:37 INFO  : Launching XSCT server: xsct.bat -interactive C:\Xilinx\Labs\Lab4_final_final\Lab4_final_final.sdk\temp_xsdb_launch_script.tcl
14:04:40 INFO  : XSCT server has started successfully.
14:04:41 INFO  : Successfully done setting XSCT server connection channel  
14:04:44 INFO  : Successfully done setting SDK workspace  
14:04:44 INFO  : Processing command line option -hwspec C:/Xilinx/Labs/Lab4_final_final/Lab4_final_final.sdk/design_1_wrapper.hdf.
14:04:44 INFO  : Checking for hwspec changes in the project design_1_wrapper_hw_platform_0.
14:06:40 INFO  : Connected to target on host '127.0.0.1' and port '3121'.
14:06:40 INFO  : 'targets -set -filter {jtag_cable_name =~ "Digilent Zed 210248553184" && level==0} -index 1' command is executed.
14:06:42 INFO  : FPGA configured successfully with bitstream "C:/Xilinx/Labs/Lab4_final_final/Lab4_final_final.sdk/design_1_wrapper_hw_platform_0/design_1_wrapper.bit"
14:06:45 WARN  : Unable to obtain port 2350 for use by XMD, java.net.SocketException: Unrecognized Windows Sockets error: 0: JVM_Bind
14:06:49 ERROR : Unexpected error while launching program.
com.xilinx.sdk.targetmanager.TMException: 
    Failed to claim JTAG Device 1 for debug. Check if it's
    in use by other client for debug


	at com.xilinx.sdk.targetmanager.internal.TM.connectToProcessor(TM.java:484)
	at com.xilinx.sdk.debug.core.XilinxAppLaunchConfigurationDelegate.runTargetSetup(XilinxAppLaunchConfigurationDelegate.java:503)
	at com.xilinx.sdk.debug.core.XilinxAppLaunchConfigurationDelegate.runApplication(XilinxAppLaunchConfigurationDelegate.java:616)
	at com.xilinx.sdk.debug.core.XilinxAppLaunchConfigurationDelegate.launch(XilinxAppLaunchConfigurationDelegate.java:309)
	at com.xilinx.sdk.debug.ui.XilinxAppLaunchDelegateWrapper.launch(XilinxAppLaunchDelegateWrapper.java:31)
	at org.eclipse.debug.internal.core.LaunchConfiguration.launch(LaunchConfiguration.java:885)
	at org.eclipse.debug.internal.core.LaunchConfiguration.launch(LaunchConfiguration.java:739)
	at org.eclipse.debug.internal.ui.DebugUIPlugin.buildAndLaunch(DebugUIPlugin.java:1039)
	at org.eclipse.debug.internal.ui.DebugUIPlugin$8.run(DebugUIPlugin.java:1256)
	at org.eclipse.core.internal.jobs.Worker.run(Worker.java:55)
14:07:10 ERROR : Unexpected error while launching program.
com.xilinx.sdk.targetmanager.TMException: 
    Failed to claim JTAG Device 1 for debug. Check if it's
    in use by other client for debug


	at com.xilinx.sdk.targetmanager.internal.TM.connectToProcessor(TM.java:484)
	at com.xilinx.sdk.debug.core.XilinxAppLaunchConfigurationDelegate.runTargetSetup(XilinxAppLaunchConfigurationDelegate.java:503)
	at com.xilinx.sdk.debug.core.XilinxAppLaunchConfigurationDelegate.runApplication(XilinxAppLaunchConfigurationDelegate.java:616)
	at com.xilinx.sdk.debug.core.XilinxAppLaunchConfigurationDelegate.launch(XilinxAppLaunchConfigurationDelegate.java:309)
	at com.xilinx.sdk.debug.ui.XilinxAppLaunchDelegateWrapper.launch(XilinxAppLaunchDelegateWrapper.java:31)
	at org.eclipse.debug.internal.core.LaunchConfiguration.launch(LaunchConfiguration.java:885)
	at org.eclipse.debug.internal.core.LaunchConfiguration.launch(LaunchConfiguration.java:739)
	at org.eclipse.debug.internal.ui.DebugUIPlugin.buildAndLaunch(DebugUIPlugin.java:1039)
	at org.eclipse.debug.internal.ui.DebugUIPlugin$8.run(DebugUIPlugin.java:1256)
	at org.eclipse.core.internal.jobs.Worker.run(Worker.java:55)
14:07:24 ERROR : Unexpected error while parsing XMD response ?: com.google.gson.JsonSyntaxException: com.google.gson.stream.MalformedJsonException: invalid number or unquoted string near 
14:07:39 INFO  : Registering command handlers for SDK TCF services
14:07:39 INFO  : Launching XSCT server: xsct.bat -interactive C:\Xilinx\Labs\Lab4_final_final\Lab4_final_final.sdk\temp_xsdb_launch_script.tcl
14:07:41 INFO  : XSCT server has started successfully.
14:07:42 INFO  : Successfully done setting XSCT server connection channel  
14:07:42 INFO  : Processing command line option -hwspec C:/Xilinx/Labs/Lab4_final_final/Lab4_final_final.sdk/design_1_wrapper.hdf.
14:07:42 INFO  : Successfully done setting SDK workspace  
14:07:42 INFO  : Checking for hwspec changes in the project design_1_wrapper_hw_platform_0.
14:07:48 INFO  : Connected to target on host '127.0.0.1' and port '3121'.
14:07:49 INFO  : 'targets -set -filter {jtag_cable_name =~ "Digilent Zed 210248553184" && level==0} -index 1' command is executed.
14:07:51 INFO  : FPGA configured successfully with bitstream "C:/Xilinx/Labs/Lab4_final_final/Lab4_final_final.sdk/design_1_wrapper_hw_platform_0/design_1_wrapper.bit"
14:08:01 INFO  : ps7_init is completed.
14:08:02 INFO  : ps7_post_config is completed.
14:08:02 INFO  : Processor reset is completed for ps7_cortexa9_0
14:09:12 INFO  : Processor reset is completed for ps7_cortexa9_0
15:17:56 ERROR : Unexpected error while parsing XMD response ?: com.google.gson.JsonSyntaxException: com.google.gson.stream.MalformedJsonException: invalid number or unquoted string near 
19:15:38 INFO  : Registering command handlers for SDK TCF services
19:15:38 INFO  : Launching XSCT server: xsct.bat -interactive C:\Xilinx\Labs\Lab4_final_final\Lab4_final_final.sdk\temp_xsdb_launch_script.tcl
19:15:41 INFO  : XSCT server has started successfully.
19:15:44 INFO  : Successfully done setting XSCT server connection channel  
19:15:44 INFO  : Processing command line option -hwspec C:/Xilinx/Labs/Lab4_final_final/Lab4_final_final.sdk/design_1_wrapper.hdf.
19:15:44 INFO  : Successfully done setting SDK workspace  
19:15:44 INFO  : Checking for hwspec changes in the project design_1_wrapper_hw_platform_0.
