#-----------------------------------------------------------
# xsim v2016.3 (64-bit)
# SW Build 1682563 on Mon Oct 10 19:07:27 MDT 2016
# IP Build 1681267 on Mon Oct 10 21:28:31 MDT 2016
# Start of session at: Thu Oct 17 19:37:08 2019
# Process ID: 1468
# Current directory: C:/Xilinx/Labs/labhls/AXISTry/AXISTry_Soln/sim/verilog
# Command line: xsim.exe -mode tcl -source {xsim.dir/AXISTry/xsim_script.tcl}
# Log file: C:/Xilinx/Labs/labhls/AXISTry/AXISTry_Soln/sim/verilog/xsim.log
# Journal file: C:/Xilinx/Labs/labhls/AXISTry/AXISTry_Soln/sim/verilog\xsim.jou
#-----------------------------------------------------------
source xsim.dir/AXISTry/xsim_script.tcl
# xsim {AXISTry} -autoloadwcfg -tclbatch {AXISTry.tcl}
Vivado Simulator 2016.3
Time resolution is 1 ps
source AXISTry.tcl
## run all
////////////////////////////////////////////////////////////////////////////////////
// Inter-Transaction Progress: Completed Transaction / Total Transaction
// Intra-Transaction Progress: Measured Latency / Latency Estimation * 100%
//
// RTL Simulation : "Inter-Transaction Progress" ["Intra-Transaction Progress"] @ "Simulation Time"
////////////////////////////////////////////////////////////////////////////////////
// RTL Simulation : 0 / 1 [0.00%] @ "125000"
// RTL Simulation : 1 / 1 [0.00%] @ "325000"
////////////////////////////////////////////////////////////////////////////////////
$finish called at time : 365 ns : File "C:/Xilinx/Labs/labhls/AXISTry/AXISTry_Soln/sim/verilog/AXISTry.autotb.v" Line 220
## quit
INFO: [Common 17-206] Exiting xsim at Thu Oct 17 19:37:20 2019...
