Unable to capture context for thread 2836 in process 16752, can not generate back trace
Exception at PC 0x00007FF940C8BB93
Printing stacktrace...

Exception at PC 0x00007FF9CD3E9129
Exception at PC 0x00007FF9CD3E9129
Exception at PC 0x00007FF9CD3E9129
Exception at PC 0x00007FF9CD3E9129
Exception at PC 0x00007FF9CD3E9129
Exception at PC 0x00007FF9CD3E9129
Exception at PC 0x00007FF9CD3E9129
Exception at PC 0x00007FF9CD3E9129
Exception at PC 0x00007FF9CD3E9129
Exception at PC 0x00007FF9CD3E9129
Exception at PC 0x00007FF9CD3E9129
Exception at PC 0x00007FF9CD3E9129
Exception at PC 0x00007FF9CD3E9129
Exception at PC 0x00007FF9CD3E9129
Exception at PC 0x00007FF9CD3E9129
Exception at PC 0x00007FF9CD3E9129
Exception at PC 0x00007FF9CD3E9129
Exception at PC 0x00007FF9CD3E9129
[0]  [0x00007FF940C8BB93]
[1]  [0x00007FF940C8BB93]
[2]  [0x00007FF940C8B4A1]
[3]  [0x00007FF940C8B3EF]
[4]  [0x00007FF940C719FE]
[5]  [0x00007FF940C70ED1]
[6]  [0x00007FF940C70D76]
[7]  [0x00007FF940C179F6]
[8]  [0x00007FF940C07AFB]
[9]  [0x00007FF940D2E90A]
[10]  [0x00007FF940D49F87]
[11]  [0x00007FF940D4A05F]
[12] (BaseThreadInitThunk+0x14) [0x00007FF9D0DC7974]
[13] (RtlUserThreadStart+0x21) [0x00007FF9D0FAA271]
Done
