Unable to capture context for thread 6584 in process 10920, can not generate back trace
Exception at PC 0x00007FF82A48BB93
Printing stacktrace...

Exception at PC 0x00007FF8CCEA9129
Exception at PC 0x00007FF8CCEA9129
Exception at PC 0x00007FF8CCEA9129
Exception at PC 0x00007FF8CCEA9129
Exception at PC 0x00007FF8CCEA9129
Exception at PC 0x00007FF8CCEA9129
Exception at PC 0x00007FF8CCEA9129
Exception at PC 0x00007FF8CCEA9129
Exception at PC 0x00007FF8CCEA9129
Exception at PC 0x00007FF8CCEA9129
Exception at PC 0x00007FF8CCEA9129
Exception at PC 0x00007FF8CCEA9129
Exception at PC 0x00007FF8CCEA9129
Exception at PC 0x00007FF8CCEA9129
Exception at PC 0x00007FF8CCEA9129
Exception at PC 0x00007FF8CCEA9129
Exception at PC 0x00007FF8CCEA9129
Exception at PC 0x00007FF8CCEA9129
[0]  [0x00007FF82A48BB93]
[1]  [0x00007FF82A48BB93]
[2]  [0x00007FF82A48B4A1]
[3]  [0x00007FF82A48B3EF]
[4]  [0x00007FF82A4719FE]
[5]  [0x00007FF82A470ED1]
[6]  [0x00007FF82A470D76]
[7]  [0x00007FF82A4179F6]
[8]  [0x00007FF82A407AFB]
[9]  [0x00007FF82A52E90A]
[10]  [0x00007FF82A549F87]
[11]  [0x00007FF82A54A05F]
[12] (BaseThreadInitThunk+0x14) [0x00007FF8CDA37974]
[13] (RtlUserThreadStart+0x21) [0x00007FF8D084A271]
Done
