#-----------------------------------------------------------
# Webtalk v2016.3 (64-bit)
# SW Build 1682563 on Mon Oct 10 19:07:27 MDT 2016
# 
# Start of session at: Tue Nov 05 18:09:31 2019
# Process ID: 14456
# Current directory: C:/Xilinx/Labs/Lab4_final_final/Lab4_final_final.sdk/webtalk
# Command line: wbtcv.exe -mode batch -source sdk_webtalk.tcl
# Log file: C:/Xilinx/Labs/Lab4_final_final/Lab4_final_final.sdk/webtalk/webtalk.log
# Journal file: C:/Xilinx/Labs/Lab4_final_final/Lab4_final_final.sdk/webtalk\webtalk.jou
#-----------------------------------------------------------
source sdk_webtalk.tcl
# webtalk_init -webtalk_dir C:\\Xilinx\\Labs\\Lab4_final_final\\Lab4_final_final.sdk\\webtalk
# webtalk_register_client -client project
# webtalk_add_data -client project -key date_generated -value "2019-11-05 18:09:30" -context "software_version_and_target_device"
# webtalk_add_data -client project -key product_version -value "SDK v2016.3" -context "software_version_and_target_device"
# webtalk_add_data -client project -key build_version -value "2016.3" -context "software_version_and_target_device"
# webtalk_add_data -client project -key os_platform -value "amd64" -context "software_version_and_target_device"
# webtalk_add_data -client project -key registration_id -value "" -context "software_version_and_target_device"
# webtalk_add_data -client project -key tool_flow -value "SDK" -context "software_version_and_target_device"
# webtalk_add_data -client project -key beta -value "false" -context "software_version_and_target_device"
# webtalk_add_data -client project -key route_design -value "NA" -context "software_version_and_target_device"
# webtalk_add_data -client project -key target_family -value "NA" -context "software_version_and_target_device"
# webtalk_add_data -client project -key target_device -value "NA" -context "software_version_and_target_device"
# webtalk_add_data -client project -key target_package -value "NA" -context "software_version_and_target_device"
# webtalk_add_data -client project -key target_speed -value "NA" -context "software_version_and_target_device"
# webtalk_add_data -client project -key random_id -value "e0cj5nsb4skeed37ovobgcd04e" -context "software_version_and_target_device"
# webtalk_add_data -client project -key project_id -value "2016.3_17" -context "software_version_and_target_device"
# webtalk_add_data -client project -key project_iteration -value "17" -context "software_version_and_target_device"
# webtalk_add_data -client project -key os_name -value "Microsoft Windows 8 or later , 64-bit" -context "user_environment"
# webtalk_add_data -client project -key os_release -value "major release  (build 9200)" -context "user_environment"
# webtalk_add_data -client project -key cpu_name -value "Intel(R) Core(TM) i7-8565U CPU @ 1.80GHz" -context "user_environment"
# webtalk_add_data -client project -key cpu_speed -value "1992 MHz" -context "user_environment"
# webtalk_add_data -client project -key total_processors -value "1" -context "user_environment"
# webtalk_add_data -client project -key system_ram -value "17.000 GB" -context "user_environment"
# webtalk_register_client -client sdk
# webtalk_add_data -client sdk -key uid -value "1572943509389" -context "sdk\\\\hardware/1572943509389"
# webtalk_add_data -client sdk -key isZynq -value "true" -context "sdk\\\\hardware/1572943509389"
# webtalk_add_data -client sdk -key isZynqMP -value "false" -context "sdk\\\\hardware/1572943509389"
# webtalk_add_data -client sdk -key Processors -value "2" -context "sdk\\\\hardware/1572943509389"
# webtalk_add_data -client sdk -key VivadoVersion -value "2016.3" -context "sdk\\\\hardware/1572943509389"
# webtalk_add_data -client sdk -key Arch -value "zynq" -context "sdk\\\\hardware/1572943509389"
# webtalk_add_data -client sdk -key Device -value "7z020" -context "sdk\\\\hardware/1572943509389"
# webtalk_add_data -client sdk -key IsHandoff -value "true" -context "sdk\\\\hardware/1572943509389"
# webtalk_add_data -client sdk -key os -value "NA" -context "sdk\\\\hardware/1572943509389"
# webtalk_add_data -client sdk -key apptemplate -value "NA" -context "sdk\\\\hardware/1572943509389"
# webtalk_add_data -client sdk -key RecordType -value "HWCreation" -context "sdk\\\\hardware/1572943509389"
# webtalk_add_data -client sdk -key uid -value "1572943568054" -context "sdk\\\\bsp/1572943568054"
# webtalk_add_data -client sdk -key hwid -value "1572943509389" -context "sdk\\\\bsp/1572943568054"
# webtalk_add_data -client sdk -key os -value "standalone" -context "sdk\\\\bsp/1572943568054"
# webtalk_add_data -client sdk -key apptemplate -value "hello_world" -context "sdk\\\\bsp/1572943568054"
# webtalk_add_data -client sdk -key RecordType -value "BSPCreation" -context "sdk\\\\bsp/1572943568054"
# webtalk_add_data -client sdk -key uid -value "1572943575022" -context "sdk\\\\application/1572943575022"
# webtalk_add_data -client sdk -key hwid -value "1572943509389" -context "sdk\\\\application/1572943575022"
# webtalk_add_data -client sdk -key bspid -value "1572943568054" -context "sdk\\\\application/1572943575022"
# webtalk_add_data -client sdk -key newbsp -value "true" -context "sdk\\\\application/1572943575022"
# webtalk_add_data -client sdk -key os -value "standalone" -context "sdk\\\\application/1572943575022"
# webtalk_add_data -client sdk -key apptemplate -value "hello_world" -context "sdk\\\\application/1572943575022"
# webtalk_add_data -client sdk -key RecordType -value "APPCreation" -context "sdk\\\\application/1572943575022"
# webtalk_add_data -client sdk -key LangUsed -value "C" -context "sdk\\\\application/1572943575022"
# webtalk_add_data -client sdk -key Procused -value "ps7_cortexa9" -context "sdk\\\\application/1572943575022"
# webtalk_add_data -client sdk -key projSize -value "790.2109375" -context "sdk\\\\application/1572943575022"
# webtalk_add_data -client sdk -key uid -value "NA" -context "sdk\\\\bsp/1572948570084"
# webtalk_add_data -client sdk -key RecordType -value "ToolUsage" -context "sdk\\\\bsp/1572948570084"
# webtalk_add_data -client sdk -key BootgenCount -value "0" -context "sdk\\\\bsp/1572948570084"
# webtalk_add_data -client sdk -key DebugCount -value "0" -context "sdk\\\\bsp/1572948570084"
# webtalk_add_data -client sdk -key PerfCount -value "0" -context "sdk\\\\bsp/1572948570084"
# webtalk_add_data -client sdk -key FlashCount -value "0" -context "sdk\\\\bsp/1572948570084"
# webtalk_add_data -client sdk -key CrossTriggCount -value "0" -context "sdk\\\\bsp/1572948570084"
# webtalk_add_data -client sdk -key QemuDebugCount -value "0" -context "sdk\\\\bsp/1572948570084"
# webtalk_transmit -clientid 4196376352 -regid "" -xml C:\\Xilinx\\Labs\\Lab4_final_final\\Lab4_final_final.sdk\\webtalk\\usage_statistics_ext_sdk.xml -html C:\\Xilinx\\Labs\\Lab4_final_final\\Lab4_final_final.sdk\\webtalk\\usage_statistics_ext_sdk.html -wdm C:\\Xilinx\\Labs\\Lab4_final_final\\Lab4_final_final.sdk\\webtalk\\sdk_webtalk.wdm -intro "<H3>SDK Usage Report</H3><BR>"
# webtalk_terminate
INFO: [Common 17-206] Exiting Webtalk at Tue Nov 05 18:09:37 2019...
